mode: set
FetchRewardsAssessment/cmd/server.go:8.13,14.44 3 0
FetchRewardsAssessment/cmd/server.go:14.44,16.3 1 0
FetchRewardsAssessment/internal/routes/receiptRoutes.go:10.35,17.2 4 0
FetchRewardsAssessment/internal/services/receiptService.go:11.52,12.138 1 0
FetchRewardsAssessment/internal/services/receiptService.go:12.138,14.3 1 0
FetchRewardsAssessment/internal/services/receiptService.go:15.2,15.12 1 0
FetchRewardsAssessment/internal/services/receiptService.go:19.62,20.50 1 0
FetchRewardsAssessment/internal/services/receiptService.go:20.50,22.3 1 0
FetchRewardsAssessment/internal/services/receiptService.go:24.2,28.24 3 0
FetchRewardsAssessment/internal/services/receiptService.go:32.40,34.12 2 0
FetchRewardsAssessment/internal/services/receiptService.go:34.12,36.3 1 0
FetchRewardsAssessment/internal/services/receiptService.go:38.2,40.20 2 0
FetchRewardsAssessment/internal/storage/storage.go:14.42,18.2 3 0
FetchRewardsAssessment/internal/storage/storage.go:21.51,26.2 4 0
FetchRewardsAssessment/utils/errorHandler.go:8.80,13.2 1 0
FetchRewardsAssessment/utils/idGenerator.go:11.26,15.24 4 1
FetchRewardsAssessment/utils/idGenerator.go:15.24,17.3 1 1
FetchRewardsAssessment/utils/idGenerator.go:18.2,18.34 1 1
FetchRewardsAssessment/utils/pointRules.go:12.50,20.34 4 1
FetchRewardsAssessment/utils/pointRules.go:20.34,22.3 1 1
FetchRewardsAssessment/utils/pointRules.go:25.2,25.39 1 1
FetchRewardsAssessment/utils/pointRules.go:25.39,27.3 1 1
FetchRewardsAssessment/utils/pointRules.go:30.2,33.37 2 1
FetchRewardsAssessment/utils/pointRules.go:33.37,35.27 2 1
FetchRewardsAssessment/utils/pointRules.go:35.27,38.4 2 1
FetchRewardsAssessment/utils/pointRules.go:42.2,43.25 2 1
FetchRewardsAssessment/utils/pointRules.go:43.25,45.17 2 1
FetchRewardsAssessment/utils/pointRules.go:45.17,47.4 1 1
FetchRewardsAssessment/utils/pointRules.go:51.2,51.59 1 1
FetchRewardsAssessment/utils/pointRules.go:51.59,53.3 1 1
FetchRewardsAssessment/utils/pointRules.go:55.2,55.15 1 1
FetchRewardsAssessment/utils/pointRules.go:59.39,61.2 1 1
FetchRewardsAssessment/utils/pointRules.go:63.54,66.2 2 1
FetchRewardsAssessment/utils/pointRules.go:68.58,70.2 1 1
FetchRewardsAssessment/internal/handlers/points.go:11.32,15.16 3 1
FetchRewardsAssessment/internal/handlers/points.go:15.16,18.3 2 1
FetchRewardsAssessment/internal/handlers/points.go:20.2,20.48 1 1
FetchRewardsAssessment/internal/handlers/process.go:12.37,16.51 2 1
FetchRewardsAssessment/internal/handlers/process.go:16.51,19.3 2 0
FetchRewardsAssessment/internal/handlers/process.go:21.2,22.16 2 1
FetchRewardsAssessment/internal/handlers/process.go:22.16,25.3 2 1
FetchRewardsAssessment/internal/handlers/process.go:27.2,27.40 1 1
FetchRewardsAssessment/internal/services/receiptService.go:11.52,12.138 1 1
FetchRewardsAssessment/internal/services/receiptService.go:12.138,14.3 1 1
FetchRewardsAssessment/internal/services/receiptService.go:15.2,15.12 1 1
FetchRewardsAssessment/internal/services/receiptService.go:19.62,20.50 1 1
FetchRewardsAssessment/internal/services/receiptService.go:20.50,22.3 1 1
FetchRewardsAssessment/internal/services/receiptService.go:24.2,28.24 3 1
FetchRewardsAssessment/internal/services/receiptService.go:32.40,34.12 2 1
FetchRewardsAssessment/internal/services/receiptService.go:34.12,36.3 1 1
FetchRewardsAssessment/internal/services/receiptService.go:38.2,40.20 2 1
FetchRewardsAssessment/internal/storage/storage.go:14.42,18.2 3 1
FetchRewardsAssessment/internal/storage/storage.go:21.51,26.2 4 1
